<?xml version="1.0" encoding="UTF-8"?>
<!-- Generated by org.testng.reporters.JUnitXMLReporter -->
<testsuite ignored="1" hostname="SHIVA-FCS1SVCT" failures="0" tests="4" name="TesingOnlySystemGroup" time="0.053" errors="0" timestamp="2024-06-25T03:13:31 IST">
  <testcase classname="testNG_essencials.GroupingInTestNG" name="TestCase2" time="0.011"/>
  <testcase classname="testNG_essencials.GroupingInTestNG" name="TestCase3" time="0.0"/>
  <testcase classname="testNG_essencials.GroupingInTestNG" name="TestCase4" time="0.001"/>
  <testcase classname="testNG_essencials.GroupingInTestNG" name="TestCase5" time="0.002"/>
  <testcase classname="testNG_essencials.GroupingInTestNG" name="TestCase1" time="0.0">
    <ignored/>
  </testcase> <!-- TestCase1 -->
</testsuite> <!-- TesingOnlySystemGroup -->
