<?xml version="1.0" encoding="UTF-8"?>
<!-- Generated by org.testng.reporters.JUnitXMLReporter -->
<testsuite ignored="0" hostname="SHIVA-FCS1SVCT" failures="0" tests="4" name="Test" time="35.544" errors="0" timestamp="2024-06-26T02:29:57 IST">
  <testcase classname="amazon_Scenarios.Amazon_Scene3" name="Scene3" time="0.979"/>
  <testcase classname="amazon_Scenarios.Amazon_Scene4" name="Scene4" time="0.893"/>
  <testcase classname="amazon_Scenarios.Amazon_Scene1" name="scene1" time="1.731"/>
  <testcase classname="amazon_Scenarios.Amazon_Scene2" name="Scene2" time="1.608"/>
</testsuite> <!-- Test -->
