<?xml version="1.0" encoding="UTF-8"?>
<testsuite xmlns:xsi="http://www.w3.org/2001/XMLSchema-instance" xsi:noNamespaceSchemaLocation="https://maven.apache.org/surefire/maven-surefire-plugin/xsd/surefire-test-report.xsd" version="3.0.2" name="TestSuite" time="43.345" tests="3" errors="0" skipped="0" failures="0">
  <properties>
[...]
</properties>
  <testcase name="testcase1[Edge](1)" classname="testNG_essencials.CrossBrowserTesting" time="6.808">
    <system-err><![CDATA[Aug 11, 2024 1:33:41 AM org.openqa.selenium.devtools.CdpVersionFinder findNearestMatch
WARNING: Unable to find an exact match for CDP version 128, returning the closest version; found: 125; Please update to a Selenium version that supports CDP version 128
]]></system-err>
  </testcase>
  <testcase name="testcase1[Chrome](1)" classname="testNG_essencials.CrossBrowserTesting" time="3.226">
    <system-err><![CDATA[Aug 11, 2024 1:33:44 AM org.openqa.selenium.devtools.CdpVersionFinder findNearestMatch
WARNING: Unable to find an exact match for CDP version 127, returning the closest version; found: 125; Please update to a Selenium version that supports CDP version 127
]]></system-err>
  </testcase>
  <testcase name="testcase1[Firefox](1)" classname="testNG_essencials.CrossBrowserTesting" time="32.581"/>
</testsuite>