<?xml version="1.0" encoding="UTF-8"?>
<testng-results total="3" passed="3" failed="0" skipped="0">
  <reporter-output>
  </reporter-output>
  <suite started-at="2024-08-10T20:03:36Z" name="SuiteParallell" finished-at="2024-08-10T20:04:18Z" duration-ms="42654">
    <groups>
    </groups>
    <test started-at="2024-08-10T20:03:36Z" name="TestParallell" finished-at="2024-08-10T20:03:43Z" duration-ms="6816">
      <class name="testNG_essencials.CrossBrowserTesting">
        <test-method signature="testcase1(java.lang.String)[pri:0, instance:testNG_essencials.CrossBrowserTesting@25ce9dc4]" started-at="2024-08-11T01:33:36Z" name="testcase1" finished-at="2024-08-11T01:33:43Z" duration-ms="6808" status="PASS">
          <params>
            <param index="0">
              <value>
                <![CDATA[Edge]]>
              </value>
            </param>
          </params>
          <reporter-output>
          </reporter-output>
        </test-method> <!-- testcase1 -->
      </class> <!-- testNG_essencials.CrossBrowserTesting -->
    </test> <!-- TestParallell -->
    <test started-at="2024-08-10T20:03:43Z" name="TestParallell2" finished-at="2024-08-10T20:03:46Z" duration-ms="3227">
      <class name="testNG_essencials.CrossBrowserTesting">
        <test-method signature="testcase1(java.lang.String)[pri:0, instance:testNG_essencials.CrossBrowserTesting@4b013c76]" started-at="2024-08-11T01:33:43Z" name="testcase1" finished-at="2024-08-11T01:33:46Z" duration-ms="3227" status="PASS">
          <params>
            <param index="0">
              <value>
                <![CDATA[Chrome]]>
              </value>
            </param>
          </params>
          <reporter-output>
          </reporter-output>
        </test-method> <!-- testcase1 -->
      </class> <!-- testNG_essencials.CrossBrowserTesting -->
    </test> <!-- TestParallell2 -->
    <test started-at="2024-08-10T20:03:46Z" name="TestParallell3" finished-at="2024-08-10T20:04:18Z" duration-ms="32582">
      <class name="testNG_essencials.CrossBrowserTesting">
        <test-method signature="testcase1(java.lang.String)[pri:0, instance:testNG_essencials.CrossBrowserTesting@742ff096]" started-at="2024-08-11T01:33:46Z" name="testcase1" finished-at="2024-08-11T01:34:18Z" duration-ms="32581" status="PASS">
          <params>
            <param index="0">
              <value>
                <![CDATA[Firefox]]>
              </value>
            </param>
          </params>
          <reporter-output>
          </reporter-output>
        </test-method> <!-- testcase1 -->
      </class> <!-- testNG_essencials.CrossBrowserTesting -->
    </test> <!-- TestParallell3 -->
  </suite> <!-- SuiteParallell -->
</testng-results>
