<?xml version="1.0" encoding="UTF-8"?>
<!-- Generated by org.testng.reporters.JUnitXMLReporter -->
<testsuite ignored="0" hostname="SHIVA-FCS1SVCT" failures="0" tests="5" name="Test_Execution" time="0.046" errors="0" timestamp="2024-06-14T23:15:15 IST">
  <testcase classname="pgrm_exmples.AddToCart" name="shiva4" time="0.009"/>
  <testcase classname="pgrm_exmples.LogoutFromAmazon" name="shiva5" time="0.001"/>
  <testcase classname="pgrm_exmples.AddingToWishList" name="shiva3" time="0.001"/>
  <testcase classname="pgrm_exmples.Searching_In_Amazon" name="shiva2" time="0.001"/>
  <testcase classname="pgrm_exmples.LoginToAmazon" name="shiva1" time="0.001"/>
</testsuite> <!-- Test_Execution -->
