<?xml version="1.0" encoding="UTF-8"?>
<testng-results ignored="0" total="1" passed="1" failed="0" skipped="0">
  <reporter-output>
  </reporter-output>
  <suite started-at="2024-08-11T23:34:16 IST" name="Default suite" finished-at="2024-08-11T23:34:19 IST" duration-ms="2988">
    <groups>
    </groups>
    <test started-at="2024-08-11T23:34:16 IST" name="Default test" finished-at="2024-08-11T23:34:19 IST" duration-ms="2988">
      <class name="pgrm_exmples.AddingToWishList">
        <test-method signature="shiva3()[pri:0, instance:pgrm_exmples.AddingToWishList@68999068]" started-at="2024-08-11T23:34:16 IST" name="shiva3" finished-at="2024-08-11T23:34:19 IST" duration-ms="2945" status="PASS">
          <reporter-output>
          </reporter-output>
        </test-method> <!-- shiva3 -->
      </class> <!-- pgrm_exmples.AddingToWishList -->
    </test> <!-- Default test -->
  </suite> <!-- Default suite -->
</testng-results>
