<?xml version="1.0" encoding="UTF-8"?>
<!-- Generated by org.testng.reporters.JUnitXMLReporter -->
<testsuite ignored="2" hostname="SHIVA-FCS1SVCT" failures="0" tests="3" name="GroupTest" time="0.045" errors="0" timestamp="2024-06-25T03:06:29 IST">
  <testcase classname="testNG_essencials.GroupingInTestNG" name="TestCase1" time="0.01"/>
  <testcase classname="testNG_essencials.GroupingInTestNG" name="TestCase3" time="0.001"/>
  <testcase classname="testNG_essencials.GroupingInTestNG" name="TestCase5" time="0.0"/>
  <testcase classname="testNG_essencials.GroupingInTestNG" name="TestCase4" time="0.0">
    <ignored/>
  </testcase> <!-- TestCase4 -->
  <testcase classname="testNG_essencials.GroupingInTestNG" name="TestCase2" time="0.0">
    <ignored/>
  </testcase> <!-- TestCase2 -->
</testsuite> <!-- GroupTest -->
