<?xml version="1.0" encoding="UTF-8"?>
<!-- Generated by org.testng.reporters.JUnitXMLReporter -->
<testsuite ignored="0" hostname="SHIVA-FCS1SVCT" failures="1" tests="1" name="Testing_Edge(failed)" time="0.047" errors="0" timestamp="2024-06-25T01:28:43 IST">
  <testcase classname="testNG_essencials.CrossBrowserTesting" name="testcase1" time="0.011">
    <failure type="java.lang.NullPointerException" message="Cannot invoke &amp;quot;org.openqa.selenium.WebDriver.manage()&amp;quot; because &amp;quot;this.driver&amp;quot; is null">
      <![CDATA[java.lang.NullPointerException: Cannot invoke "org.openqa.selenium.WebDriver.manage()" because "this.driver" is null
at testNG_essencials.CrossBrowserTesting.testcase1(CrossBrowserTesting.java:23)
at java.base/java.util.ArrayList.forEach(ArrayList.java:1596)
... Removed 25 stack frames]]>
    </failure>
  </testcase> <!-- testcase1 -->
</testsuite> <!-- Testing_Edge(failed) -->
